

Started GET "/" for 127.0.0.1 at 2014-08-11 09:38:15 -0400
  [1m[36mActiveRecord::SchemaMigration Load (0.4ms)[0m  [1mSELECT "schema_migrations".* FROM "schema_migrations"[0m
Processing by QuestionsController#index as HTML
  [1m[35mQuestion Load (1.2ms)[0m  SELECT "questions".* FROM "questions"   ORDER BY created_at DESC
  [1m[36mUser Load (1.7ms)[0m  [1mSELECT  "users".* FROM "users"  WHERE "users"."id" = 1  ORDER BY "users"."id" ASC LIMIT 1[0m
  Rendered questions/index.html.erb within layouts/application (88.7ms)
  Rendered shared/_navbar.html.erb (1.0ms)
Completed 200 OK in 214ms (Views: 182.6ms | ActiveRecord: 9.2ms)


Started GET "/assets/application.css?body=1" for 127.0.0.1 at 2014-08-11 09:38:15 -0400


Started GET "/assets/jquery_ujs.js?body=1" for 127.0.0.1 at 2014-08-11 09:38:15 -0400


Started GET "/assets/turbolinks.js?body=1" for 127.0.0.1 at 2014-08-11 09:38:15 -0400


Started GET "/assets/comments.js?body=1" for 127.0.0.1 at 2014-08-11 09:38:15 -0400


Started GET "/assets/jquery.js?body=1" for 127.0.0.1 at 2014-08-11 09:38:15 -0400


Started GET "/assets/pages.js?body=1" for 127.0.0.1 at 2014-08-11 09:38:15 -0400


Started GET "/assets/bootstrap.js?body=1" for 127.0.0.1 at 2014-08-11 09:38:15 -0400


Started GET "/assets/application.js?body=1" for 127.0.0.1 at 2014-08-11 09:38:15 -0400


Started GET "/questions/3" for 127.0.0.1 at 2014-08-11 09:38:16 -0400
Processing by QuestionsController#show as HTML
  Parameters: {"id"=>"3"}
  [1m[35mQuestion Load (0.5ms)[0m  SELECT  "questions".* FROM "questions"  WHERE "questions"."id" = $1  ORDER BY created_at DESC LIMIT 1  [["id", 3]]
  [1m[36m (1.1ms)[0m  [1mSELECT COUNT(*) FROM "votes"  WHERE "votes"."votable_id" = $1 AND "votes"."votable_type" = $2 AND "votes"."vote_flag" = 't' AND "votes"."vote_scope" IS NULL[0m  [["votable_id", 3], ["votable_type", "Question"]]
  [1m[35m (0.4ms)[0m  SELECT COUNT(*) FROM "votes"  WHERE "votes"."votable_id" = $1 AND "votes"."votable_type" = $2 AND "votes"."vote_flag" = 'f' AND "votes"."vote_scope" IS NULL  [["votable_id", 3], ["votable_type", "Question"]]
  [1m[36mUser Load (0.4ms)[0m  [1mSELECT  "users".* FROM "users"  WHERE "users"."id" = $1 LIMIT 1[0m  [["id", 1]]
  [1m[35mUser Load (0.5ms)[0m  SELECT  "users".* FROM "users"  WHERE "users"."id" = 1  ORDER BY "users"."id" ASC LIMIT 1
  [1m[36mComment Load (0.5ms)[0m  [1mSELECT "comments".* FROM "comments"  WHERE "comments"."commentable_id" = $1 AND "comments"."commentable_type" = $2[0m  [["commentable_id", 3], ["commentable_type", "Question"]]
  [1m[35mAnswer Load (0.4ms)[0m  SELECT "answers".* FROM "answers"  WHERE "answers"."question_id" = $1  [["question_id", 3]]
  [1m[36m (0.4ms)[0m  [1mSELECT COUNT(*) FROM "votes"  WHERE "votes"."votable_id" = $1 AND "votes"."votable_type" = $2 AND "votes"."vote_flag" = 't' AND "votes"."vote_scope" IS NULL[0m  [["votable_id", 4], ["votable_type", "Answer"]]
  [1m[35mCACHE (0.0ms)[0m  SELECT COUNT(*) FROM "votes"  WHERE "votes"."votable_id" = $1 AND "votes"."votable_type" = $2 AND "votes"."vote_flag" = 't' AND "votes"."vote_scope" IS NULL  [["votable_id", 4], ["votable_type", "Answer"]]
  [1m[36m (0.4ms)[0m  [1mSELECT COUNT(*) FROM "votes"  WHERE "votes"."votable_id" = $1 AND "votes"."votable_type" = $2 AND "votes"."vote_flag" = 'f' AND "votes"."vote_scope" IS NULL[0m  [["votable_id", 4], ["votable_type", "Answer"]]
  [1m[35mCACHE (0.0ms)[0m  SELECT COUNT(*) FROM "votes"  WHERE "votes"."votable_id" = $1 AND "votes"."votable_type" = $2 AND "votes"."vote_flag" = 'f' AND "votes"."vote_scope" IS NULL  [["votable_id", 4], ["votable_type", "Answer"]]
  [1m[36mCACHE (0.0ms)[0m  [1mSELECT  "users".* FROM "users"  WHERE "users"."id" = $1 LIMIT 1[0m  [["id", 1]]
  Rendered questions/show.html.erb within layouts/application (53.1ms)
  Rendered shared/_navbar.html.erb (1.0ms)
Completed 200 OK in 89ms (Views: 51.0ms | ActiveRecord: 14.1ms)


Started GET "/assets/bootstrap/glyphicons-halflings-regular.woff" for 127.0.0.1 at 2014-08-11 09:38:17 -0400


Started GET "/questions/3" for 127.0.0.1 at 2014-08-11 09:42:16 -0400
Processing by QuestionsController#show as HTML
  Parameters: {"id"=>"3"}
  [1m[35mQuestion Load (0.3ms)[0m  SELECT  "questions".* FROM "questions"  WHERE "questions"."id" = $1  ORDER BY created_at DESC LIMIT 1  [["id", 3]]
  [1m[36m (0.3ms)[0m  [1mSELECT COUNT(*) FROM "votes"  WHERE "votes"."votable_id" = $1 AND "votes"."votable_type" = $2 AND "votes"."vote_flag" = 't' AND "votes"."vote_scope" IS NULL[0m  [["votable_id", 3], ["votable_type", "Question"]]
  [1m[35m (0.4ms)[0m  SELECT COUNT(*) FROM "votes"  WHERE "votes"."votable_id" = $1 AND "votes"."votable_type" = $2 AND "votes"."vote_flag" = 'f' AND "votes"."vote_scope" IS NULL  [["votable_id", 3], ["votable_type", "Question"]]
  [1m[36mUser Load (0.4ms)[0m  [1mSELECT  "users".* FROM "users"  WHERE "users"."id" = $1 LIMIT 1[0m  [["id", 1]]
  [1m[35mUser Load (0.5ms)[0m  SELECT  "users".* FROM "users"  WHERE "users"."id" = 1  ORDER BY "users"."id" ASC LIMIT 1
  [1m[36mComment Load (0.4ms)[0m  [1mSELECT "comments".* FROM "comments"  WHERE "comments"."commentable_id" = $1 AND "comments"."commentable_type" = $2[0m  [["commentable_id", 3], ["commentable_type", "Question"]]
  Rendered questions/show.html.erb within layouts/application (45.8ms)
Completed 500 Internal Server Error in 69ms

ActionView::Template::Error (undefined local variable or method `current_id' for #<#<Class:0x00000101e14a40>:0x00000101e1fbe8>):
    35: 
    36: 		<%= link_to 'Help improve the question?', new_question_comment_path(@question), method: :get %>
    37: 
    38: 		<% if @question.user_id == current_id %>
    39: 			<%= link_to 'edit', edit_question_path %>
    40: 		<% end %>
    41: 	</div>
  app/views/questions/show.html.erb:38:in `_app_views_questions_show_html_erb___3302096667407349541_2163271780'


  Rendered /Users/davidsin/.rvm/gems/ruby-2.0.0-p451/gems/actionpack-4.1.4/lib/action_dispatch/middleware/templates/rescues/_trace.html.erb (1.8ms)
  Rendered /Users/davidsin/.rvm/gems/ruby-2.0.0-p451/gems/actionpack-4.1.4/lib/action_dispatch/middleware/templates/rescues/_request_and_response.html.erb (1.1ms)
  Rendered /Users/davidsin/.rvm/gems/ruby-2.0.0-p451/gems/actionpack-4.1.4/lib/action_dispatch/middleware/templates/rescues/template_error.html.erb within rescues/layout (17.5ms)


Started GET "/questions/3" for 127.0.0.1 at 2014-08-11 09:42:33 -0400
Processing by QuestionsController#show as HTML
  Parameters: {"id"=>"3"}
  [1m[35mQuestion Load (0.4ms)[0m  SELECT  "questions".* FROM "questions"  WHERE "questions"."id" = $1  ORDER BY created_at DESC LIMIT 1  [["id", 3]]
  [1m[36m (0.6ms)[0m  [1mSELECT COUNT(*) FROM "votes"  WHERE "votes"."votable_id" = $1 AND "votes"."votable_type" = $2 AND "votes"."vote_flag" = 't' AND "votes"."vote_scope" IS NULL[0m  [["votable_id", 3], ["votable_type", "Question"]]
  [1m[35m (0.6ms)[0m  SELECT COUNT(*) FROM "votes"  WHERE "votes"."votable_id" = $1 AND "votes"."votable_type" = $2 AND "votes"."vote_flag" = 'f' AND "votes"."vote_scope" IS NULL  [["votable_id", 3], ["votable_type", "Question"]]
  [1m[36mUser Load (0.5ms)[0m  [1mSELECT  "users".* FROM "users"  WHERE "users"."id" = $1 LIMIT 1[0m  [["id", 1]]
  [1m[35mUser Load (0.4ms)[0m  SELECT  "users".* FROM "users"  WHERE "users"."id" = 1  ORDER BY "users"."id" ASC LIMIT 1
  [1m[36mComment Load (0.3ms)[0m  [1mSELECT "comments".* FROM "comments"  WHERE "comments"."commentable_id" = $1 AND "comments"."commentable_type" = $2[0m  [["commentable_id", 3], ["commentable_type", "Question"]]
  [1m[35mAnswer Load (0.3ms)[0m  SELECT "answers".* FROM "answers"  WHERE "answers"."question_id" = $1  [["question_id", 3]]
  [1m[36m (0.4ms)[0m  [1mSELECT COUNT(*) FROM "votes"  WHERE "votes"."votable_id" = $1 AND "votes"."votable_type" = $2 AND "votes"."vote_flag" = 't' AND "votes"."vote_scope" IS NULL[0m  [["votable_id", 4], ["votable_type", "Answer"]]
  [1m[35mCACHE (0.0ms)[0m  SELECT COUNT(*) FROM "votes"  WHERE "votes"."votable_id" = $1 AND "votes"."votable_type" = $2 AND "votes"."vote_flag" = 't' AND "votes"."vote_scope" IS NULL  [["votable_id", 4], ["votable_type", "Answer"]]
  [1m[36m (0.4ms)[0m  [1mSELECT COUNT(*) FROM "votes"  WHERE "votes"."votable_id" = $1 AND "votes"."votable_type" = $2 AND "votes"."vote_flag" = 'f' AND "votes"."vote_scope" IS NULL[0m  [["votable_id", 4], ["votable_type", "Answer"]]
  [1m[35mCACHE (0.0ms)[0m  SELECT COUNT(*) FROM "votes"  WHERE "votes"."votable_id" = $1 AND "votes"."votable_type" = $2 AND "votes"."vote_flag" = 'f' AND "votes"."vote_scope" IS NULL  [["votable_id", 4], ["votable_type", "Answer"]]
  [1m[36mCACHE (0.0ms)[0m  [1mSELECT  "users".* FROM "users"  WHERE "users"."id" = $1 LIMIT 1[0m  [["id", 1]]
  Rendered questions/show.html.erb within layouts/application (76.4ms)
  Rendered shared/_navbar.html.erb (0.3ms)
Completed 200 OK in 86ms (Views: 77.1ms | ActiveRecord: 6.2ms)


Started GET "/assets/jquery.js?body=1" for 127.0.0.1 at 2014-08-11 09:42:33 -0400


Started GET "/assets/application.css?body=1" for 127.0.0.1 at 2014-08-11 09:42:33 -0400


Started GET "/assets/pages.js?body=1" for 127.0.0.1 at 2014-08-11 09:42:33 -0400


Started GET "/assets/turbolinks.js?body=1" for 127.0.0.1 at 2014-08-11 09:42:33 -0400


Started GET "/assets/jquery_ujs.js?body=1" for 127.0.0.1 at 2014-08-11 09:42:33 -0400


Started GET "/assets/comments.js?body=1" for 127.0.0.1 at 2014-08-11 09:42:33 -0400


Started GET "/assets/bootstrap.js?body=1" for 127.0.0.1 at 2014-08-11 09:42:33 -0400


Started GET "/assets/application.js?body=1" for 127.0.0.1 at 2014-08-11 09:42:33 -0400


Started GET "/assets/bootstrap/glyphicons-halflings-regular.woff" for 127.0.0.1 at 2014-08-11 09:42:33 -0400


Started GET "/questions/3" for 127.0.0.1 at 2014-08-11 09:43:00 -0400
Processing by QuestionsController#show as HTML
  Parameters: {"id"=>"3"}
  [1m[35mQuestion Load (0.4ms)[0m  SELECT  "questions".* FROM "questions"  WHERE "questions"."id" = $1  ORDER BY created_at DESC LIMIT 1  [["id", 3]]
  [1m[36m (0.6ms)[0m  [1mSELECT COUNT(*) FROM "votes"  WHERE "votes"."votable_id" = $1 AND "votes"."votable_type" = $2 AND "votes"."vote_flag" = 't' AND "votes"."vote_scope" IS NULL[0m  [["votable_id", 3], ["votable_type", "Question"]]
  [1m[35m (0.5ms)[0m  SELECT COUNT(*) FROM "votes"  WHERE "votes"."votable_id" = $1 AND "votes"."votable_type" = $2 AND "votes"."vote_flag" = 'f' AND "votes"."vote_scope" IS NULL  [["votable_id", 3], ["votable_type", "Question"]]
  [1m[36mUser Load (0.4ms)[0m  [1mSELECT  "users".* FROM "users"  WHERE "users"."id" = $1 LIMIT 1[0m  [["id", 1]]
  [1m[35mUser Load (0.6ms)[0m  SELECT  "users".* FROM "users"  WHERE "users"."id" = 1  ORDER BY "users"."id" ASC LIMIT 1
  [1m[36mComment Load (0.3ms)[0m  [1mSELECT "comments".* FROM "comments"  WHERE "comments"."commentable_id" = $1 AND "comments"."commentable_type" = $2[0m  [["commentable_id", 3], ["commentable_type", "Question"]]
  [1m[35mAnswer Load (0.3ms)[0m  SELECT "answers".* FROM "answers"  WHERE "answers"."question_id" = $1  [["question_id", 3]]
  [1m[36m (0.3ms)[0m  [1mSELECT COUNT(*) FROM "votes"  WHERE "votes"."votable_id" = $1 AND "votes"."votable_type" = $2 AND "votes"."vote_flag" = 't' AND "votes"."vote_scope" IS NULL[0m  [["votable_id", 4], ["votable_type", "Answer"]]
  [1m[35mCACHE (0.0ms)[0m  SELECT COUNT(*) FROM "votes"  WHERE "votes"."votable_id" = $1 AND "votes"."votable_type" = $2 AND "votes"."vote_flag" = 't' AND "votes"."vote_scope" IS NULL  [["votable_id", 4], ["votable_type", "Answer"]]
  [1m[36m (0.3ms)[0m  [1mSELECT COUNT(*) FROM "votes"  WHERE "votes"."votable_id" = $1 AND "votes"."votable_type" = $2 AND "votes"."vote_flag" = 'f' AND "votes"."vote_scope" IS NULL[0m  [["votable_id", 4], ["votable_type", "Answer"]]
  [1m[35mCACHE (0.0ms)[0m  SELECT COUNT(*) FROM "votes"  WHERE "votes"."votable_id" = $1 AND "votes"."votable_type" = $2 AND "votes"."vote_flag" = 'f' AND "votes"."vote_scope" IS NULL  [["votable_id", 4], ["votable_type", "Answer"]]
  [1m[36mCACHE (0.0ms)[0m  [1mSELECT  "users".* FROM "users"  WHERE "users"."id" = $1 LIMIT 1[0m  [["id", 1]]
  Rendered questions/show.html.erb within layouts/application (18.5ms)
  Rendered shared/_navbar.html.erb (0.4ms)
Completed 200 OK in 30ms (Views: 23.9ms | ActiveRecord: 3.7ms)


Started GET "/assets/application.css?body=1" for 127.0.0.1 at 2014-08-11 09:43:00 -0400


Started GET "/assets/jquery_ujs.js?body=1" for 127.0.0.1 at 2014-08-11 09:43:00 -0400


Started GET "/assets/jquery.js?body=1" for 127.0.0.1 at 2014-08-11 09:43:00 -0400


Started GET "/assets/turbolinks.js?body=1" for 127.0.0.1 at 2014-08-11 09:43:00 -0400


Started GET "/assets/comments.js?body=1" for 127.0.0.1 at 2014-08-11 09:43:00 -0400


Started GET "/assets/pages.js?body=1" for 127.0.0.1 at 2014-08-11 09:43:00 -0400


Started GET "/assets/bootstrap.js?body=1" for 127.0.0.1 at 2014-08-11 09:43:00 -0400


Started GET "/assets/application.js?body=1" for 127.0.0.1 at 2014-08-11 09:43:00 -0400


Started GET "/assets/bootstrap/glyphicons-halflings-regular.woff" for 127.0.0.1 at 2014-08-11 09:43:00 -0400


Started GET "/questions/3" for 127.0.0.1 at 2014-08-11 09:43:54 -0400
Processing by QuestionsController#show as HTML
  Parameters: {"id"=>"3"}
  [1m[35mQuestion Load (0.4ms)[0m  SELECT  "questions".* FROM "questions"  WHERE "questions"."id" = $1  ORDER BY created_at DESC LIMIT 1  [["id", 3]]
  [1m[36m (0.3ms)[0m  [1mSELECT COUNT(*) FROM "votes"  WHERE "votes"."votable_id" = $1 AND "votes"."votable_type" = $2 AND "votes"."vote_flag" = 't' AND "votes"."vote_scope" IS NULL[0m  [["votable_id", 3], ["votable_type", "Question"]]
  [1m[35m (0.2ms)[0m  SELECT COUNT(*) FROM "votes"  WHERE "votes"."votable_id" = $1 AND "votes"."votable_type" = $2 AND "votes"."vote_flag" = 'f' AND "votes"."vote_scope" IS NULL  [["votable_id", 3], ["votable_type", "Question"]]
  [1m[36mUser Load (0.5ms)[0m  [1mSELECT  "users".* FROM "users"  WHERE "users"."id" = $1 LIMIT 1[0m  [["id", 1]]
  [1m[35mUser Load (0.7ms)[0m  SELECT  "users".* FROM "users"  WHERE "users"."id" = 1  ORDER BY "users"."id" ASC LIMIT 1
  [1m[36mComment Load (0.3ms)[0m  [1mSELECT "comments".* FROM "comments"  WHERE "comments"."commentable_id" = $1 AND "comments"."commentable_type" = $2[0m  [["commentable_id", 3], ["commentable_type", "Question"]]
  [1m[35mAnswer Load (0.3ms)[0m  SELECT "answers".* FROM "answers"  WHERE "answers"."question_id" = $1  [["question_id", 3]]
  [1m[36m (0.2ms)[0m  [1mSELECT COUNT(*) FROM "votes"  WHERE "votes"."votable_id" = $1 AND "votes"."votable_type" = $2 AND "votes"."vote_flag" = 't' AND "votes"."vote_scope" IS NULL[0m  [["votable_id", 4], ["votable_type", "Answer"]]
  [1m[35mCACHE (0.0ms)[0m  SELECT COUNT(*) FROM "votes"  WHERE "votes"."votable_id" = $1 AND "votes"."votable_type" = $2 AND "votes"."vote_flag" = 't' AND "votes"."vote_scope" IS NULL  [["votable_id", 4], ["votable_type", "Answer"]]
  [1m[36m (0.2ms)[0m  [1mSELECT COUNT(*) FROM "votes"  WHERE "votes"."votable_id" = $1 AND "votes"."votable_type" = $2 AND "votes"."vote_flag" = 'f' AND "votes"."vote_scope" IS NULL[0m  [["votable_id", 4], ["votable_type", "Answer"]]
  [1m[35mCACHE (0.0ms)[0m  SELECT COUNT(*) FROM "votes"  WHERE "votes"."votable_id" = $1 AND "votes"."votable_type" = $2 AND "votes"."vote_flag" = 'f' AND "votes"."vote_scope" IS NULL  [["votable_id", 4], ["votable_type", "Answer"]]
  [1m[36mCACHE (0.0ms)[0m  [1mSELECT  "users".* FROM "users"  WHERE "users"."id" = $1 LIMIT 1[0m  [["id", 1]]
  Rendered questions/show.html.erb within layouts/application (19.0ms)
  Rendered shared/_navbar.html.erb (0.5ms)
Completed 200 OK in 29ms (Views: 23.7ms | ActiveRecord: 3.2ms)


Started GET "/assets/jquery.js?body=1" for 127.0.0.1 at 2014-08-11 09:43:54 -0400


Started GET "/assets/jquery_ujs.js?body=1" for 127.0.0.1 at 2014-08-11 09:43:54 -0400


Started GET "/assets/turbolinks.js?body=1" for 127.0.0.1 at 2014-08-11 09:43:54 -0400


Started GET "/assets/application.css?body=1" for 127.0.0.1 at 2014-08-11 09:43:54 -0400


Started GET "/assets/bootstrap.js?body=1" for 127.0.0.1 at 2014-08-11 09:43:54 -0400


Started GET "/assets/comments.js?body=1" for 127.0.0.1 at 2014-08-11 09:43:54 -0400


Started GET "/assets/pages.js?body=1" for 127.0.0.1 at 2014-08-11 09:43:54 -0400


Started GET "/assets/application.js?body=1" for 127.0.0.1 at 2014-08-11 09:43:54 -0400


Started GET "/assets/bootstrap/glyphicons-halflings-regular.woff" for 127.0.0.1 at 2014-08-11 09:43:54 -0400


Started GET "/questions/3/edit" for 127.0.0.1 at 2014-08-11 09:43:55 -0400
Processing by QuestionsController#edit as HTML
  Parameters: {"id"=>"3"}
  [1m[35mQuestion Load (0.5ms)[0m  SELECT  "questions".* FROM "questions"  WHERE "questions"."id" = $1  ORDER BY created_at DESC LIMIT 1  [["id", 3]]
  Rendered questions/edit.html.erb within layouts/application (55.3ms)
  [1m[36mUser Load (0.6ms)[0m  [1mSELECT  "users".* FROM "users"  WHERE "users"."id" = 1  ORDER BY "users"."id" ASC LIMIT 1[0m
  Rendered shared/_navbar.html.erb (3.0ms)
Completed 200 OK in 73ms (Views: 69.4ms | ActiveRecord: 1.1ms)


Started PATCH "/questions/3" for 127.0.0.1 at 2014-08-11 09:44:17 -0400

AbstractController::ActionNotFound (The action 'update' could not be found for QuestionsController):
  actionpack (4.1.4) lib/abstract_controller/base.rb:131:in `process'
  actionview (4.1.4) lib/action_view/rendering.rb:30:in `process'
  actionpack (4.1.4) lib/action_controller/metal.rb:196:in `dispatch'
  actionpack (4.1.4) lib/action_controller/metal/rack_delegation.rb:13:in `dispatch'
  actionpack (4.1.4) lib/action_controller/metal.rb:232:in `block in action'
  actionpack (4.1.4) lib/action_dispatch/routing/route_set.rb:82:in `call'
  actionpack (4.1.4) lib/action_dispatch/routing/route_set.rb:82:in `dispatch'
  actionpack (4.1.4) lib/action_dispatch/routing/route_set.rb:50:in `call'
  actionpack (4.1.4) lib/action_dispatch/journey/router.rb:71:in `block in call'
  actionpack (4.1.4) lib/action_dispatch/journey/router.rb:59:in `each'
  actionpack (4.1.4) lib/action_dispatch/journey/router.rb:59:in `call'
  actionpack (4.1.4) lib/action_dispatch/routing/route_set.rb:678:in `call'
  warden (1.2.3) lib/warden/manager.rb:35:in `block in call'
  warden (1.2.3) lib/warden/manager.rb:34:in `catch'
  warden (1.2.3) lib/warden/manager.rb:34:in `call'
  rack (1.5.2) lib/rack/etag.rb:23:in `call'
  rack (1.5.2) lib/rack/conditionalget.rb:35:in `call'
  rack (1.5.2) lib/rack/head.rb:11:in `call'
  actionpack (4.1.4) lib/action_dispatch/middleware/params_parser.rb:27:in `call'
  actionpack (4.1.4) lib/action_dispatch/middleware/flash.rb:254:in `call'
  rack (1.5.2) lib/rack/session/abstract/id.rb:225:in `context'
  rack (1.5.2) lib/rack/session/abstract/id.rb:220:in `call'
  actionpack (4.1.4) lib/action_dispatch/middleware/cookies.rb:560:in `call'
  activerecord (4.1.4) lib/active_record/query_cache.rb:36:in `call'
  activerecord (4.1.4) lib/active_record/connection_adapters/abstract/connection_pool.rb:621:in `call'
  activerecord (4.1.4) lib/active_record/migration.rb:380:in `call'
  actionpack (4.1.4) lib/action_dispatch/middleware/callbacks.rb:29:in `block in call'
  activesupport (4.1.4) lib/active_support/callbacks.rb:82:in `run_callbacks'
  actionpack (4.1.4) lib/action_dispatch/middleware/callbacks.rb:27:in `call'
  actionpack (4.1.4) lib/action_dispatch/middleware/reloader.rb:73:in `call'
  actionpack (4.1.4) lib/action_dispatch/middleware/remote_ip.rb:76:in `call'
  actionpack (4.1.4) lib/action_dispatch/middleware/debug_exceptions.rb:17:in `call'
  actionpack (4.1.4) lib/action_dispatch/middleware/show_exceptions.rb:30:in `call'
  railties (4.1.4) lib/rails/rack/logger.rb:38:in `call_app'
  railties (4.1.4) lib/rails/rack/logger.rb:20:in `block in call'
  activesupport (4.1.4) lib/active_support/tagged_logging.rb:68:in `block in tagged'
  activesupport (4.1.4) lib/active_support/tagged_logging.rb:26:in `tagged'
  activesupport (4.1.4) lib/active_support/tagged_logging.rb:68:in `tagged'
  railties (4.1.4) lib/rails/rack/logger.rb:20:in `call'
  actionpack (4.1.4) lib/action_dispatch/middleware/request_id.rb:21:in `call'
  rack (1.5.2) lib/rack/methodoverride.rb:21:in `call'
  rack (1.5.2) lib/rack/runtime.rb:17:in `call'
  activesupport (4.1.4) lib/active_support/cache/strategy/local_cache_middleware.rb:26:in `call'
  rack (1.5.2) lib/rack/lock.rb:17:in `call'
  actionpack (4.1.4) lib/action_dispatch/middleware/static.rb:64:in `call'
  rack (1.5.2) lib/rack/sendfile.rb:112:in `call'
  railties (4.1.4) lib/rails/engine.rb:514:in `call'
  railties (4.1.4) lib/rails/application.rb:144:in `call'
  rack (1.5.2) lib/rack/lock.rb:17:in `call'
  rack (1.5.2) lib/rack/content_length.rb:14:in `call'
  rack (1.5.2) lib/rack/handler/webrick.rb:60:in `service'
  /Users/davidsin/.rvm/rubies/ruby-2.0.0-p451/lib/ruby/2.0.0/webrick/httpserver.rb:138:in `service'
  /Users/davidsin/.rvm/rubies/ruby-2.0.0-p451/lib/ruby/2.0.0/webrick/httpserver.rb:94:in `run'
  /Users/davidsin/.rvm/rubies/ruby-2.0.0-p451/lib/ruby/2.0.0/webrick/server.rb:295:in `block in start_thread'


  Rendered /Users/davidsin/.rvm/gems/ruby-2.0.0-p451/gems/actionpack-4.1.4/lib/action_dispatch/middleware/templates/rescues/unknown_action.html.erb within rescues/layout (0.6ms)


Started PATCH "/questions/3" for 127.0.0.1 at 2014-08-11 09:45:44 -0400
Processing by QuestionsController#update as HTML
  Parameters: {"utf8"=>"✓", "authenticity_token"=>"6eZVIvj48nS6DPpHZzVQ+sbHj1J4GiQ9i+qhDTCz+Ss=", "question"=>{"title"=>"asdaasdasdasdadsdas", "body"=>"asdasdasdasdasdasd"}, "commit"=>"Update Question", "id"=>"3"}
Completed 500 Internal Server Error in 6ms

NameError (undefined local variable or method `find_question' for #<QuestionsController:0x0000010693a448>):
  app/controllers/questions_controller.rb:21:in `update'


  Rendered /Users/davidsin/.rvm/gems/ruby-2.0.0-p451/gems/actionpack-4.1.4/lib/action_dispatch/middleware/templates/rescues/_source.erb (0.7ms)
  Rendered /Users/davidsin/.rvm/gems/ruby-2.0.0-p451/gems/actionpack-4.1.4/lib/action_dispatch/middleware/templates/rescues/_trace.html.erb (0.9ms)
  Rendered /Users/davidsin/.rvm/gems/ruby-2.0.0-p451/gems/actionpack-4.1.4/lib/action_dispatch/middleware/templates/rescues/_request_and_response.html.erb (0.9ms)
  Rendered /Users/davidsin/.rvm/gems/ruby-2.0.0-p451/gems/actionpack-4.1.4/lib/action_dispatch/middleware/templates/rescues/diagnostics.erb within rescues/layout (22.3ms)


Started GET "/questions/3" for 127.0.0.1 at 2014-08-11 09:49:50 -0400
Processing by QuestionsController#show as HTML
  Parameters: {"id"=>"3"}
  [1m[35mQuestion Load (0.3ms)[0m  SELECT  "questions".* FROM "questions"  WHERE "questions"."id" = $1  ORDER BY created_at DESC LIMIT 1  [["id", 3]]
  [1m[36m (0.3ms)[0m  [1mSELECT COUNT(*) FROM "votes"  WHERE "votes"."votable_id" = $1 AND "votes"."votable_type" = $2 AND "votes"."vote_flag" = 't' AND "votes"."vote_scope" IS NULL[0m  [["votable_id", 3], ["votable_type", "Question"]]
  [1m[35m (0.3ms)[0m  SELECT COUNT(*) FROM "votes"  WHERE "votes"."votable_id" = $1 AND "votes"."votable_type" = $2 AND "votes"."vote_flag" = 'f' AND "votes"."vote_scope" IS NULL  [["votable_id", 3], ["votable_type", "Question"]]
  [1m[36mUser Load (0.4ms)[0m  [1mSELECT  "users".* FROM "users"  WHERE "users"."id" = $1 LIMIT 1[0m  [["id", 1]]
  [1m[35mUser Load (0.6ms)[0m  SELECT  "users".* FROM "users"  WHERE "users"."id" = 1  ORDER BY "users"."id" ASC LIMIT 1
  [1m[36mComment Load (0.5ms)[0m  [1mSELECT "comments".* FROM "comments"  WHERE "comments"."commentable_id" = $1 AND "comments"."commentable_type" = $2[0m  [["commentable_id", 3], ["commentable_type", "Question"]]
  [1m[35mAnswer Load (0.3ms)[0m  SELECT "answers".* FROM "answers"  WHERE "answers"."question_id" = $1  [["question_id", 3]]
  [1m[36m (0.3ms)[0m  [1mSELECT COUNT(*) FROM "votes"  WHERE "votes"."votable_id" = $1 AND "votes"."votable_type" = $2 AND "votes"."vote_flag" = 't' AND "votes"."vote_scope" IS NULL[0m  [["votable_id", 4], ["votable_type", "Answer"]]
  [1m[35mCACHE (0.0ms)[0m  SELECT COUNT(*) FROM "votes"  WHERE "votes"."votable_id" = $1 AND "votes"."votable_type" = $2 AND "votes"."vote_flag" = 't' AND "votes"."vote_scope" IS NULL  [["votable_id", 4], ["votable_type", "Answer"]]
  [1m[36m (0.2ms)[0m  [1mSELECT COUNT(*) FROM "votes"  WHERE "votes"."votable_id" = $1 AND "votes"."votable_type" = $2 AND "votes"."vote_flag" = 'f' AND "votes"."vote_scope" IS NULL[0m  [["votable_id", 4], ["votable_type", "Answer"]]
  [1m[35mCACHE (0.0ms)[0m  SELECT COUNT(*) FROM "votes"  WHERE "votes"."votable_id" = $1 AND "votes"."votable_type" = $2 AND "votes"."vote_flag" = 'f' AND "votes"."vote_scope" IS NULL  [["votable_id", 4], ["votable_type", "Answer"]]
  [1m[36mCACHE (0.0ms)[0m  [1mSELECT  "users".* FROM "users"  WHERE "users"."id" = $1 LIMIT 1[0m  [["id", 1]]
  Rendered questions/show.html.erb within layouts/application (56.8ms)
  Rendered shared/_navbar.html.erb (0.4ms)
Completed 200 OK in 84ms (Views: 51.5ms | ActiveRecord: 16.9ms)


Started GET "/assets/jquery_ujs.js?body=1" for 127.0.0.1 at 2014-08-11 09:49:51 -0400


Started GET "/assets/jquery.js?body=1" for 127.0.0.1 at 2014-08-11 09:49:51 -0400


Started GET "/assets/comments.js?body=1" for 127.0.0.1 at 2014-08-11 09:49:51 -0400


Started GET "/assets/turbolinks.js?body=1" for 127.0.0.1 at 2014-08-11 09:49:51 -0400


Started GET "/assets/pages.js?body=1" for 127.0.0.1 at 2014-08-11 09:49:51 -0400


Started GET "/assets/application.css?body=1" for 127.0.0.1 at 2014-08-11 09:49:51 -0400


Started GET "/assets/bootstrap.js?body=1" for 127.0.0.1 at 2014-08-11 09:49:51 -0400


Started GET "/assets/application.js?body=1" for 127.0.0.1 at 2014-08-11 09:49:51 -0400


Started GET "/assets/bootstrap/glyphicons-halflings-regular.woff" for 127.0.0.1 at 2014-08-11 09:49:51 -0400


Started GET "/questions/3/edit" for 127.0.0.1 at 2014-08-11 09:49:52 -0400
Processing by QuestionsController#edit as HTML
  Parameters: {"id"=>"3"}
  [1m[35mQuestion Load (0.3ms)[0m  SELECT  "questions".* FROM "questions"  WHERE "questions"."id" = $1  ORDER BY created_at DESC LIMIT 1  [["id", 3]]
  Rendered questions/edit.html.erb within layouts/application (3.6ms)
  [1m[36mUser Load (1.1ms)[0m  [1mSELECT  "users".* FROM "users"  WHERE "users"."id" = 1  ORDER BY "users"."id" ASC LIMIT 1[0m
  Rendered shared/_navbar.html.erb (3.5ms)
Completed 200 OK in 20ms (Views: 16.7ms | ActiveRecord: 1.4ms)


Started PATCH "/questions/3" for 127.0.0.1 at 2014-08-11 09:49:54 -0400
Processing by QuestionsController#update as HTML
  Parameters: {"utf8"=>"✓", "authenticity_token"=>"6eZVIvj48nS6DPpHZzVQ+sbHj1J4GiQ9i+qhDTCz+Ss=", "question"=>{"title"=>"asdaasdasdasdadsdas", "body"=>"asdasdasdasdasdasd"}, "commit"=>"Update Question", "id"=>"3"}
  [1m[35mQuestion Load (0.3ms)[0m  SELECT  "questions".* FROM "questions"  WHERE "questions"."id" = $1  ORDER BY created_at DESC LIMIT 1  [["id", 3]]
  [1m[36m (0.1ms)[0m  [1mBEGIN[0m
  [1m[35m (0.1ms)[0m  COMMIT
Completed 500 Internal Server Error in 54ms

NoMethodError (undefined method `show_question_path' for #<QuestionsController:0x00000104c71848>):
  app/controllers/questions_controller.rb:24:in `update'


  Rendered /Users/davidsin/.rvm/gems/ruby-2.0.0-p451/gems/actionpack-4.1.4/lib/action_dispatch/middleware/templates/rescues/_source.erb (0.6ms)
  Rendered /Users/davidsin/.rvm/gems/ruby-2.0.0-p451/gems/actionpack-4.1.4/lib/action_dispatch/middleware/templates/rescues/_trace.html.erb (1.2ms)
  Rendered /Users/davidsin/.rvm/gems/ruby-2.0.0-p451/gems/actionpack-4.1.4/lib/action_dispatch/middleware/templates/rescues/_request_and_response.html.erb (1.0ms)
  Rendered /Users/davidsin/.rvm/gems/ruby-2.0.0-p451/gems/actionpack-4.1.4/lib/action_dispatch/middleware/templates/rescues/diagnostics.erb within rescues/layout (17.9ms)


Started GET "/questions/3/edit" for 127.0.0.1 at 2014-08-11 09:50:14 -0400
Processing by QuestionsController#edit as HTML
  Parameters: {"id"=>"3"}
  [1m[36mQuestion Load (0.3ms)[0m  [1mSELECT  "questions".* FROM "questions"  WHERE "questions"."id" = $1  ORDER BY created_at DESC LIMIT 1[0m  [["id", 3]]
  Rendered questions/edit.html.erb within layouts/application (2.8ms)
  [1m[35mUser Load (0.4ms)[0m  SELECT  "users".* FROM "users"  WHERE "users"."id" = 1  ORDER BY "users"."id" ASC LIMIT 1
  Rendered shared/_navbar.html.erb (13.8ms)
Completed 200 OK in 85ms (Views: 22.2ms | ActiveRecord: 6.6ms)


Started GET "/assets/jquery.js?body=1" for 127.0.0.1 at 2014-08-11 09:50:14 -0400


Started GET "/assets/comments.js?body=1" for 127.0.0.1 at 2014-08-11 09:50:14 -0400


Started GET "/assets/bootstrap.js?body=1" for 127.0.0.1 at 2014-08-11 09:50:14 -0400


Started GET "/assets/jquery_ujs.js?body=1" for 127.0.0.1 at 2014-08-11 09:50:14 -0400


Started GET "/assets/turbolinks.js?body=1" for 127.0.0.1 at 2014-08-11 09:50:14 -0400


Started GET "/assets/pages.js?body=1" for 127.0.0.1 at 2014-08-11 09:50:14 -0400


Started GET "/assets/application.css?body=1" for 127.0.0.1 at 2014-08-11 09:50:14 -0400


Started GET "/assets/application.js?body=1" for 127.0.0.1 at 2014-08-11 09:50:14 -0400


Started PATCH "/questions/3" for 127.0.0.1 at 2014-08-11 09:50:17 -0400
Processing by QuestionsController#update as HTML
  Parameters: {"utf8"=>"✓", "authenticity_token"=>"6eZVIvj48nS6DPpHZzVQ+sbHj1J4GiQ9i+qhDTCz+Ss=", "question"=>{"title"=>"asdaasdasdasdadsdas", "body"=>"asdasdasdasdasdasd123123123123"}, "commit"=>"Update Question", "id"=>"3"}
  [1m[36mQuestion Load (0.3ms)[0m  [1mSELECT  "questions".* FROM "questions"  WHERE "questions"."id" = $1  ORDER BY created_at DESC LIMIT 1[0m  [["id", 3]]
  [1m[35m (0.1ms)[0m  BEGIN
  [1m[36mSQL (0.8ms)[0m  [1mUPDATE "questions" SET "body" = $1, "updated_at" = $2 WHERE "questions"."id" = 3[0m  [["body", "asdasdasdasdasdasd123123123123"], ["updated_at", "2014-08-11 13:50:17.598419"]]
  [1m[35m (0.4ms)[0m  COMMIT
Redirected to http://localhost:3000/questions/3
Completed 302 Found in 7ms (ActiveRecord: 1.7ms)


Started GET "/questions/3" for 127.0.0.1 at 2014-08-11 09:50:17 -0400
Processing by QuestionsController#show as HTML
  Parameters: {"id"=>"3"}
  [1m[36mQuestion Load (0.3ms)[0m  [1mSELECT  "questions".* FROM "questions"  WHERE "questions"."id" = $1  ORDER BY created_at DESC LIMIT 1[0m  [["id", 3]]
  [1m[35m (0.2ms)[0m  SELECT COUNT(*) FROM "votes"  WHERE "votes"."votable_id" = $1 AND "votes"."votable_type" = $2 AND "votes"."vote_flag" = 't' AND "votes"."vote_scope" IS NULL  [["votable_id", 3], ["votable_type", "Question"]]
  [1m[36m (0.2ms)[0m  [1mSELECT COUNT(*) FROM "votes"  WHERE "votes"."votable_id" = $1 AND "votes"."votable_type" = $2 AND "votes"."vote_flag" = 'f' AND "votes"."vote_scope" IS NULL[0m  [["votable_id", 3], ["votable_type", "Question"]]
  [1m[35mUser Load (0.2ms)[0m  SELECT  "users".* FROM "users"  WHERE "users"."id" = $1 LIMIT 1  [["id", 1]]
  [1m[36mUser Load (0.5ms)[0m  [1mSELECT  "users".* FROM "users"  WHERE "users"."id" = 1  ORDER BY "users"."id" ASC LIMIT 1[0m
  [1m[35mComment Load (0.2ms)[0m  SELECT "comments".* FROM "comments"  WHERE "comments"."commentable_id" = $1 AND "comments"."commentable_type" = $2  [["commentable_id", 3], ["commentable_type", "Question"]]
  [1m[36mAnswer Load (0.3ms)[0m  [1mSELECT "answers".* FROM "answers"  WHERE "answers"."question_id" = $1[0m  [["question_id", 3]]
  [1m[35m (0.3ms)[0m  SELECT COUNT(*) FROM "votes"  WHERE "votes"."votable_id" = $1 AND "votes"."votable_type" = $2 AND "votes"."vote_flag" = 't' AND "votes"."vote_scope" IS NULL  [["votable_id", 4], ["votable_type", "Answer"]]
  [1m[36mCACHE (0.0ms)[0m  [1mSELECT COUNT(*) FROM "votes"  WHERE "votes"."votable_id" = $1 AND "votes"."votable_type" = $2 AND "votes"."vote_flag" = 't' AND "votes"."vote_scope" IS NULL[0m  [["votable_id", 4], ["votable_type", "Answer"]]
  [1m[35m (0.2ms)[0m  SELECT COUNT(*) FROM "votes"  WHERE "votes"."votable_id" = $1 AND "votes"."votable_type" = $2 AND "votes"."vote_flag" = 'f' AND "votes"."vote_scope" IS NULL  [["votable_id", 4], ["votable_type", "Answer"]]
  [1m[36mCACHE (0.0ms)[0m  [1mSELECT COUNT(*) FROM "votes"  WHERE "votes"."votable_id" = $1 AND "votes"."votable_type" = $2 AND "votes"."vote_flag" = 'f' AND "votes"."vote_scope" IS NULL[0m  [["votable_id", 4], ["votable_type", "Answer"]]
  [1m[35mCACHE (0.0ms)[0m  SELECT  "users".* FROM "users"  WHERE "users"."id" = $1 LIMIT 1  [["id", 1]]
  Rendered questions/show.html.erb within layouts/application (42.0ms)
  Rendered shared/_navbar.html.erb (0.4ms)
Completed 200 OK in 54ms (Views: 40.5ms | ActiveRecord: 9.2ms)


Started GET "/assets/jquery.js?body=1" for 127.0.0.1 at 2014-08-11 09:50:17 -0400


Started GET "/assets/jquery_ujs.js?body=1" for 127.0.0.1 at 2014-08-11 09:50:17 -0400


Started GET "/assets/application.css?body=1" for 127.0.0.1 at 2014-08-11 09:50:17 -0400


Started GET "/assets/turbolinks.js?body=1" for 127.0.0.1 at 2014-08-11 09:50:17 -0400


Started GET "/assets/bootstrap.js?body=1" for 127.0.0.1 at 2014-08-11 09:50:17 -0400


Started GET "/assets/pages.js?body=1" for 127.0.0.1 at 2014-08-11 09:50:17 -0400


Started GET "/assets/comments.js?body=1" for 127.0.0.1 at 2014-08-11 09:50:17 -0400


Started GET "/assets/application.js?body=1" for 127.0.0.1 at 2014-08-11 09:50:17 -0400


Started GET "/assets/bootstrap/glyphicons-halflings-regular.woff" for 127.0.0.1 at 2014-08-11 09:50:17 -0400
  [1m[36m (132.0ms)[0m  [1mDROP DATABASE IF EXISTS "refactor_this_test"[0m
  [1m[35m (239.6ms)[0m  CREATE DATABASE "refactor_this_test" ENCODING = 'utf8'
  [1m[36mSQL (2.4ms)[0m  [1mCREATE EXTENSION IF NOT EXISTS "plpgsql"[0m
  [1m[35m (15.2ms)[0m  CREATE TABLE "answers" ("id" serial primary key, "body" character varying(255), "question_id" integer, "created_at" timestamp, "updated_at" timestamp, "user_id" integer) 
  [1m[36m (6.4ms)[0m  [1mCREATE TABLE "comments" ("id" serial primary key, "body" character varying(255), "commentable_id" integer, "commentable_type" character varying(255), "created_at" timestamp, "updated_at" timestamp, "user_id" integer) [0m
  [1m[35m (7.5ms)[0m  CREATE TABLE "questions" ("id" serial primary key, "title" character varying(255), "body" character varying(255), "created_at" timestamp, "updated_at" timestamp, "user_id" integer) 
  [1m[36m (7.7ms)[0m  [1mCREATE TABLE "users" ("id" serial primary key, "email" character varying(255) DEFAULT '' NOT NULL, "encrypted_password" character varying(255) DEFAULT '' NOT NULL, "reset_password_token" character varying(255), "reset_password_sent_at" timestamp, "remember_created_at" timestamp, "sign_in_count" integer DEFAULT 0 NOT NULL, "current_sign_in_at" timestamp, "last_sign_in_at" timestamp, "current_sign_in_ip" character varying(255), "last_sign_in_ip" character varying(255), "created_at" timestamp, "updated_at" timestamp, "first_name" character varying(255), "last_name" character varying(255), "bio" text) [0m
  [1m[35m (2.0ms)[0m  CREATE UNIQUE INDEX  "index_users_on_email" ON "users" USING btree ("email")
  [1m[36m (1.5ms)[0m  [1mCREATE UNIQUE INDEX  "index_users_on_reset_password_token" ON "users" USING btree ("reset_password_token")[0m
  [1m[35m (7.5ms)[0m  CREATE TABLE "votes" ("id" serial primary key, "votable_id" integer, "votable_type" character varying(255), "voter_id" integer, "voter_type" character varying(255), "vote_flag" boolean, "vote_scope" character varying(255), "vote_weight" integer, "created_at" timestamp, "updated_at" timestamp) 
  [1m[36m (2.1ms)[0m  [1mCREATE  INDEX  "index_votes_on_votable_id_and_votable_type_and_vote_scope" ON "votes" USING btree ("votable_id", "votable_type", "vote_scope")[0m
  [1m[35m (2.0ms)[0m  CREATE  INDEX  "index_votes_on_voter_id_and_voter_type_and_vote_scope" ON "votes" USING btree ("voter_id", "voter_type", "vote_scope")
  [1m[36m (1.7ms)[0m  [1mCREATE TABLE "schema_migrations" ("version" character varying(255) NOT NULL) [0m
  [1m[35m (1.6ms)[0m  CREATE UNIQUE INDEX  "unique_schema_migrations" ON "schema_migrations"  ("version")
  [1m[36m (0.7ms)[0m  [1mSELECT version FROM "schema_migrations"[0m
  [1m[35m (1.3ms)[0m  INSERT INTO "schema_migrations" (version) VALUES ('20140810162313')
  [1m[36m (1.0ms)[0m  [1mINSERT INTO "schema_migrations" (version) VALUES ('20140808003151')[0m
  [1m[35m (0.7ms)[0m  INSERT INTO "schema_migrations" (version) VALUES ('20140808003155')
  [1m[36m (0.5ms)[0m  [1mINSERT INTO "schema_migrations" (version) VALUES ('20140808003425')[0m
  [1m[35m (0.5ms)[0m  INSERT INTO "schema_migrations" (version) VALUES ('20140808190220')
  [1m[36m (0.5ms)[0m  [1mINSERT INTO "schema_migrations" (version) VALUES ('20140808192519')[0m
  [1m[35m (0.5ms)[0m  INSERT INTO "schema_migrations" (version) VALUES ('20140808205649')
  [1m[36m (2.9ms)[0m  [1mCREATE TABLE "schema_migrations" ("version" character varying(255) NOT NULL) [0m
  [1m[35m (1.6ms)[0m  CREATE UNIQUE INDEX  "unique_schema_migrations" ON "schema_migrations"  ("version")
  [1m[36mActiveRecord::SchemaMigration Load (0.4ms)[0m  [1mSELECT "schema_migrations".* FROM "schema_migrations"[0m
Migrating to CreateQuestions (20140808003151)
  [1m[35m (0.1ms)[0m  BEGIN
  [1m[36m (4.4ms)[0m  [1mCREATE TABLE "questions" ("id" serial primary key, "title" character varying(255), "body" text, "created_at" timestamp, "updated_at" timestamp) [0m
  [1m[35mSQL (0.4ms)[0m  INSERT INTO "schema_migrations" ("version") VALUES ($1)  [["version", "20140808003151"]]
  [1m[36m (0.4ms)[0m  [1mCOMMIT[0m
Migrating to CreateAnswers (20140808003155)
  [1m[35m (0.3ms)[0m  BEGIN
  [1m[36m (5.0ms)[0m  [1mCREATE TABLE "answers" ("id" serial primary key, "body" text, "question_id" integer, "created_at" timestamp, "updated_at" timestamp) [0m
  [1m[35mSQL (0.2ms)[0m  INSERT INTO "schema_migrations" ("version") VALUES ($1)  [["version", "20140808003155"]]
  [1m[36m (0.6ms)[0m  [1mCOMMIT[0m
Migrating to CreateComments (20140808003425)
  [1m[35m (0.2ms)[0m  BEGIN
  [1m[36m (4.1ms)[0m  [1mCREATE TABLE "comments" ("id" serial primary key, "body" character varying(255), "commentable_id" integer, "commentable_type" character varying(255), "created_at" timestamp, "updated_at" timestamp) [0m
  [1m[35mSQL (0.2ms)[0m  INSERT INTO "schema_migrations" ("version") VALUES ($1)  [["version", "20140808003425"]]
  [1m[36m (0.5ms)[0m  [1mCOMMIT[0m
Migrating to DeviseCreateUsers (20140808190220)
  [1m[35m (0.3ms)[0m  BEGIN
  [1m[36m (6.2ms)[0m  [1mCREATE TABLE "users" ("id" serial primary key, "email" character varying(255) DEFAULT '' NOT NULL, "encrypted_password" character varying(255) DEFAULT '' NOT NULL, "reset_password_token" character varying(255), "reset_password_sent_at" timestamp, "remember_created_at" timestamp, "sign_in_count" integer DEFAULT 0 NOT NULL, "current_sign_in_at" timestamp, "last_sign_in_at" timestamp, "current_sign_in_ip" character varying(255), "last_sign_in_ip" character varying(255), "created_at" timestamp, "updated_at" timestamp) [0m
  [1m[35m (2.6ms)[0m  CREATE UNIQUE INDEX  "index_users_on_email" ON "users"  ("email")
  [1m[36m (1.3ms)[0m  [1mCREATE UNIQUE INDEX  "index_users_on_reset_password_token" ON "users"  ("reset_password_token")[0m
  [1m[35mSQL (0.3ms)[0m  INSERT INTO "schema_migrations" ("version") VALUES ($1)  [["version", "20140808190220"]]
  [1m[36m (0.7ms)[0m  [1mCOMMIT[0m
Migrating to AddUserIdToCommetables (20140808192519)
  [1m[35m (0.3ms)[0m  BEGIN
  [1m[36m (1.8ms)[0m  [1mALTER TABLE "questions" ADD COLUMN "user_id" integer[0m
  [1m[35m (0.4ms)[0m  ALTER TABLE "answers" ADD COLUMN "user_id" integer
  [1m[36m (0.3ms)[0m  [1mALTER TABLE "comments" ADD COLUMN "user_id" integer[0m
  [1m[35mSQL (0.2ms)[0m  INSERT INTO "schema_migrations" ("version") VALUES ($1)  [["version", "20140808192519"]]
  [1m[36m (0.4ms)[0m  [1mCOMMIT[0m
Migrating to ActsAsVotableMigration (20140808205649)
  [1m[35m (0.1ms)[0m  BEGIN
  [1m[36m (4.1ms)[0m  [1mCREATE TABLE "votes" ("id" serial primary key, "votable_id" integer, "votable_type" character varying(255), "voter_id" integer, "voter_type" character varying(255), "vote_flag" boolean, "vote_scope" character varying(255), "vote_weight" integer, "created_at" timestamp, "updated_at" timestamp) [0m
  [1m[35m (1.2ms)[0m  CREATE  INDEX  "index_votes_on_voter_id_and_voter_type_and_vote_scope" ON "votes"  ("voter_id", "voter_type", "vote_scope")
  [1m[36m (1.1ms)[0m  [1mCREATE  INDEX  "index_votes_on_votable_id_and_votable_type_and_vote_scope" ON "votes"  ("votable_id", "votable_type", "vote_scope")[0m
  [1m[35mSQL (0.2ms)[0m  INSERT INTO "schema_migrations" ("version") VALUES ($1)  [["version", "20140808205649"]]
  [1m[36m (0.5ms)[0m  [1mCOMMIT[0m
Migrating to AddFieldsToUsers (20140810162313)
  [1m[35m (0.3ms)[0m  BEGIN
  [1m[36m (0.6ms)[0m  [1mALTER TABLE "users" ADD COLUMN "first_name" character varying(255)[0m
  [1m[35m (0.5ms)[0m  ALTER TABLE "users" ADD COLUMN "last_name" character varying(255)
  [1m[36m (0.4ms)[0m  [1mALTER TABLE "users" ADD COLUMN "bio" text[0m
  [1m[35mSQL (0.2ms)[0m  INSERT INTO "schema_migrations" ("version") VALUES ($1)  [["version", "20140810162313"]]
  [1m[36m (0.4ms)[0m  [1mCOMMIT[0m
  [1m[35mActiveRecord::SchemaMigration Load (0.5ms)[0m  SELECT "schema_migrations".* FROM "schema_migrations"
